<?xml version="1.0" encoding="UTF-8"?>
<!-- Generated by org.testng.reporters.JUnitReportReporter -->
<testsuite hostname="Virats-MacBook-Air.local" failures="0" tests="3" name="qtrip_qa.tests.test_case01" time="81.199" errors="0" timestamp="2023-12-04T01:42:49 IST" skipped="0">
  <testcase classname="qtrip_qa.tests.test_case01" name="TestCase01" time="27.863"/>
  <testcase classname="qtrip_qa.tests.test_case01" name="TestCase01" time="26.598"/>
  <testcase classname="qtrip_qa.tests.test_case01" name="TestCase01" time="26.738"/>
</testsuite> <!-- qtrip_qa.tests.test_case01 -->
